** Invoke run_all_tasks (first_time)
** Invoke environment (first_time)
** Execute environment
** Execute run_all_tasks
** Invoke run_all_tasks (first_time)
** Invoke environment (first_time)
** Execute environment
** Execute run_all_tasks
** Invoke run_all_tasks (first_time)
** Invoke environment (first_time)
** Execute environment
** Execute run_all_tasks
** Invoke run_all_tasks (first_time)
** Invoke environment (first_time)
** Execute environment
** Execute run_all_tasks
** Invoke run_all_tasks (first_time)
** Invoke environment (first_time)
** Execute environment
** Execute run_all_tasks
** Invoke run_all_tasks (first_time)
** Invoke environment (first_time)
** Execute environment
** Execute run_all_tasks
** Invoke run_all_tasks (first_time)
** Invoke environment (first_time)
** Execute environment
** Execute run_all_tasks
** Invoke run_all_tasks (first_time)
** Invoke environment (first_time)
** Execute environment
** Execute run_all_tasks
** Invoke run_all_tasks (first_time)
** Invoke environment (first_time)
** Execute environment
** Execute run_all_tasks
** Invoke run_all_tasks (first_time)
** Invoke environment (first_time)
** Execute environment
** Execute run_all_tasks
** Invoke run_all_tasks (first_time)
** Invoke environment (first_time)
** Execute environment
** Execute run_all_tasks
** Invoke run_all_tasks (first_time)
** Invoke environment (first_time)
** Execute environment
** Execute run_all_tasks
** Invoke run_all_tasks (first_time)
** Invoke environment (first_time)
** Execute environment
** Execute run_all_tasks
** Invoke run_all_tasks (first_time)
** Invoke environment (first_time)
** Execute environment
** Execute run_all_tasks
** Invoke run_all_tasks (first_time)
** Invoke environment (first_time)
** Execute environment
** Execute run_all_tasks
** Invoke run_all_tasks (first_time)
** Invoke environment (first_time)
** Execute environment
** Execute run_all_tasks
** Invoke run_all_tasks (first_time)
** Invoke environment (first_time)
** Execute environment
** Execute run_all_tasks
** Invoke run_all_tasks (first_time)
** Invoke environment (first_time)
** Execute environment
** Execute run_all_tasks
** Invoke run_all_tasks (first_time)
** Invoke environment (first_time)
** Execute environment
** Execute run_all_tasks
** Invoke run_all_tasks (first_time)
** Invoke environment (first_time)
** Execute environment
** Execute run_all_tasks
** Invoke run_all_tasks (first_time)
** Invoke environment (first_time)
** Execute environment
** Execute run_all_tasks
** Invoke run_all_tasks (first_time)
** Invoke environment (first_time)
** Execute environment
** Execute run_all_tasks
** Invoke run_all_tasks (first_time)
** Invoke environment (first_time)
** Execute environment
** Execute run_all_tasks
** Invoke run_all_tasks (first_time)
** Invoke environment (first_time)
** Execute environment
** Execute run_all_tasks
** Invoke run_all_tasks (first_time)
** Invoke environment (first_time)
** Execute environment
** Execute run_all_tasks
** Invoke run_all_tasks (first_time)
** Invoke environment (first_time)
** Execute environment
** Execute run_all_tasks
** Invoke run_all_tasks (first_time)
** Invoke environment (first_time)
** Execute environment
** Execute run_all_tasks
** Invoke run_all_tasks (first_time)
** Invoke environment (first_time)
** Execute environment
** Execute run_all_tasks
** Invoke run_all_tasks (first_time)
** Invoke environment (first_time)
** Execute environment
** Execute run_all_tasks
** Invoke run_all_tasks (first_time)
** Invoke environment (first_time)
** Execute environment
** Execute run_all_tasks
** Invoke run_all_tasks (first_time)
** Invoke environment (first_time)
** Execute environment
** Execute run_all_tasks
** Invoke run_all_tasks (first_time)
** Invoke environment (first_time)
** Execute environment
** Execute run_all_tasks
** Invoke run_all_tasks (first_time)
** Invoke environment (first_time)
** Execute environment
** Execute run_all_tasks
** Invoke run_all_tasks (first_time)
** Invoke environment (first_time)
** Execute environment
** Execute run_all_tasks
** Invoke run_all_tasks (first_time)
** Invoke environment (first_time)
** Execute environment
** Execute run_all_tasks
** Invoke run_all_tasks (first_time)
** Invoke environment (first_time)
** Execute environment
** Execute run_all_tasks
** Invoke run_all_tasks (first_time)
** Invoke environment (first_time)
** Execute environment
** Execute run_all_tasks
** Invoke run_all_tasks (first_time)
** Invoke environment (first_time)
** Execute environment
** Execute run_all_tasks
** Invoke run_all_tasks (first_time)
** Invoke environment (first_time)
** Execute environment
** Execute run_all_tasks
** Invoke run_all_tasks (first_time)
** Invoke environment (first_time)
** Execute environment
** Execute run_all_tasks
** Invoke run_all_tasks (first_time)
** Invoke environment (first_time)
** Execute environment
** Execute run_all_tasks
** Invoke run_all_tasks (first_time)
** Invoke environment (first_time)
** Execute environment
** Execute run_all_tasks
** Invoke run_all_tasks (first_time)
** Invoke environment (first_time)
** Execute environment
** Execute run_all_tasks
** Invoke run_all_tasks (first_time)
** Invoke environment (first_time)
** Execute environment
** Execute run_all_tasks
** Invoke run_all_tasks (first_time)
** Invoke environment (first_time)
** Execute environment
** Execute run_all_tasks
** Invoke run_all_tasks (first_time)
** Invoke environment (first_time)
** Execute environment
** Execute run_all_tasks
** Invoke run_all_tasks (first_time)
** Invoke environment (first_time)
** Execute environment
** Execute run_all_tasks
** Invoke run_all_tasks (first_time)
** Invoke environment (first_time)
** Execute environment
** Execute run_all_tasks
** Invoke run_all_tasks (first_time)
** Invoke environment (first_time)
** Execute environment
** Execute run_all_tasks
** Invoke run_all_tasks (first_time)
** Invoke environment (first_time)
** Execute environment
** Execute run_all_tasks
** Invoke run_all_tasks (first_time)
** Invoke environment (first_time)
** Execute environment
** Execute run_all_tasks
** Invoke run_all_tasks (first_time)
** Invoke environment (first_time)
** Execute environment
** Execute run_all_tasks
** Invoke run_all_tasks (first_time)
** Invoke environment (first_time)
** Execute environment
** Execute run_all_tasks
** Invoke run_all_tasks (first_time)
** Invoke environment (first_time)
** Execute environment
** Execute run_all_tasks
** Invoke run_all_tasks (first_time)
** Invoke environment (first_time)
** Execute environment
** Execute run_all_tasks
** Invoke run_all_tasks (first_time)
** Invoke environment (first_time)
** Execute environment
** Execute run_all_tasks
** Invoke run_all_tasks (first_time)
** Invoke environment (first_time)
** Execute environment
** Execute run_all_tasks
** Invoke run_all_tasks (first_time)
** Invoke environment (first_time)
** Execute environment
** Execute run_all_tasks
** Invoke run_all_tasks (first_time)
** Invoke environment (first_time)
** Execute environment
** Execute run_all_tasks
** Invoke run_all_tasks (first_time)
** Invoke environment (first_time)
** Execute environment
** Execute run_all_tasks
** Invoke run_all_tasks (first_time)
** Invoke environment (first_time)
** Execute environment
** Execute run_all_tasks
** Invoke run_all_tasks (first_time)
** Invoke environment (first_time)
** Execute environment
** Execute run_all_tasks
** Invoke run_all_tasks (first_time)
** Invoke environment (first_time)
** Execute environment
** Execute run_all_tasks
** Invoke run_all_tasks (first_time)
** Invoke environment (first_time)
** Execute environment
** Execute run_all_tasks
** Invoke run_all_tasks (first_time)
** Invoke environment (first_time)
** Execute environment
** Execute run_all_tasks
** Invoke run_all_tasks (first_time)
** Invoke environment (first_time)
** Execute environment
** Execute run_all_tasks
** Invoke run_all_tasks (first_time)
** Invoke environment (first_time)
** Execute environment
** Execute run_all_tasks
rake aborted!
NoMethodError: undefined method `[]' for nil:NilClass
/home/ubuntu/library-seats-api-master/lib/tasks/seats_task.rake:65:in `token'
/home/ubuntu/library-seats-api-master/lib/tasks/seats_task.rake:18:in `block (2 levels) in <top (required)>'
/home/ubuntu/.rvm/gems/ruby-2.3.0/gems/activerecord-5.0.6/lib/active_record/relation/batches.rb:59:in `block (2 levels) in find_each'
/home/ubuntu/.rvm/gems/ruby-2.3.0/gems/activerecord-5.0.6/lib/active_record/relation/batches.rb:59:in `each'
/home/ubuntu/.rvm/gems/ruby-2.3.0/gems/activerecord-5.0.6/lib/active_record/relation/batches.rb:59:in `block in find_each'
/home/ubuntu/.rvm/gems/ruby-2.3.0/gems/activerecord-5.0.6/lib/active_record/relation/batches.rb:121:in `block in find_in_batches'
/home/ubuntu/.rvm/gems/ruby-2.3.0/gems/activerecord-5.0.6/lib/active_record/relation/batches.rb:214:in `block in in_batches'
/home/ubuntu/.rvm/gems/ruby-2.3.0/gems/activerecord-5.0.6/lib/active_record/relation/batches.rb:198:in `loop'
/home/ubuntu/.rvm/gems/ruby-2.3.0/gems/activerecord-5.0.6/lib/active_record/relation/batches.rb:198:in `in_batches'
/home/ubuntu/.rvm/gems/ruby-2.3.0/gems/activerecord-5.0.6/lib/active_record/relation/batches.rb:120:in `find_in_batches'
/home/ubuntu/.rvm/gems/ruby-2.3.0/gems/activerecord-5.0.6/lib/active_record/relation/batches.rb:58:in `find_each'
/home/ubuntu/.rvm/gems/ruby-2.3.0/gems/activerecord-5.0.6/lib/active_record/querying.rb:9:in `find_each'
/home/ubuntu/library-seats-api-master/lib/tasks/seats_task.rake:15:in `block in <top (required)>'
/home/ubuntu/.rvm/gems/ruby-2.3.0/gems/rake-12.0.0/exe/rake:27:in `<top (required)>'
/home/ubuntu/.rvm/gems/ruby-2.3.0/bin/ruby_executable_hooks:15:in `eval'
/home/ubuntu/.rvm/gems/ruby-2.3.0/bin/ruby_executable_hooks:15:in `<main>'
Tasks: TOP => run_all_tasks
(See full trace by running task with --trace)
** Invoke run_all_tasks (first_time)
** Invoke environment (first_time)
** Execute environment
** Execute run_all_tasks
rake aborted!
NoMethodError: undefined method `[]' for nil:NilClass
/home/ubuntu/library-seats-api-master/lib/tasks/seats_task.rake:65:in `token'
/home/ubuntu/library-seats-api-master/lib/tasks/seats_task.rake:18:in `block (2 levels) in <top (required)>'
/home/ubuntu/.rvm/gems/ruby-2.3.0/gems/activerecord-5.0.6/lib/active_record/relation/batches.rb:59:in `block (2 levels) in find_each'
/home/ubuntu/.rvm/gems/ruby-2.3.0/gems/activerecord-5.0.6/lib/active_record/relation/batches.rb:59:in `each'
/home/ubuntu/.rvm/gems/ruby-2.3.0/gems/activerecord-5.0.6/lib/active_record/relation/batches.rb:59:in `block in find_each'
/home/ubuntu/.rvm/gems/ruby-2.3.0/gems/activerecord-5.0.6/lib/active_record/relation/batches.rb:121:in `block in find_in_batches'
/home/ubuntu/.rvm/gems/ruby-2.3.0/gems/activerecord-5.0.6/lib/active_record/relation/batches.rb:214:in `block in in_batches'
/home/ubuntu/.rvm/gems/ruby-2.3.0/gems/activerecord-5.0.6/lib/active_record/relation/batches.rb:198:in `loop'
/home/ubuntu/.rvm/gems/ruby-2.3.0/gems/activerecord-5.0.6/lib/active_record/relation/batches.rb:198:in `in_batches'
/home/ubuntu/.rvm/gems/ruby-2.3.0/gems/activerecord-5.0.6/lib/active_record/relation/batches.rb:120:in `find_in_batches'
/home/ubuntu/.rvm/gems/ruby-2.3.0/gems/activerecord-5.0.6/lib/active_record/relation/batches.rb:58:in `find_each'
/home/ubuntu/.rvm/gems/ruby-2.3.0/gems/activerecord-5.0.6/lib/active_record/querying.rb:9:in `find_each'
/home/ubuntu/library-seats-api-master/lib/tasks/seats_task.rake:15:in `block in <top (required)>'
/home/ubuntu/.rvm/gems/ruby-2.3.0/gems/rake-12.0.0/exe/rake:27:in `<top (required)>'
/home/ubuntu/.rvm/gems/ruby-2.3.0/bin/ruby_executable_hooks:15:in `eval'
/home/ubuntu/.rvm/gems/ruby-2.3.0/bin/ruby_executable_hooks:15:in `<main>'
Tasks: TOP => run_all_tasks
(See full trace by running task with --trace)
** Invoke run_all_tasks (first_time)
** Invoke environment (first_time)
** Execute environment
** Execute run_all_tasks
rake aborted!
NoMethodError: undefined method `[]' for nil:NilClass
/home/ubuntu/library-seats-api-master/lib/tasks/seats_task.rake:65:in `token'
/home/ubuntu/library-seats-api-master/lib/tasks/seats_task.rake:18:in `block (2 levels) in <top (required)>'
/home/ubuntu/.rvm/gems/ruby-2.3.0/gems/activerecord-5.0.6/lib/active_record/relation/batches.rb:59:in `block (2 levels) in find_each'
/home/ubuntu/.rvm/gems/ruby-2.3.0/gems/activerecord-5.0.6/lib/active_record/relation/batches.rb:59:in `each'
/home/ubuntu/.rvm/gems/ruby-2.3.0/gems/activerecord-5.0.6/lib/active_record/relation/batches.rb:59:in `block in find_each'
/home/ubuntu/.rvm/gems/ruby-2.3.0/gems/activerecord-5.0.6/lib/active_record/relation/batches.rb:121:in `block in find_in_batches'
/home/ubuntu/.rvm/gems/ruby-2.3.0/gems/activerecord-5.0.6/lib/active_record/relation/batches.rb:214:in `block in in_batches'
/home/ubuntu/.rvm/gems/ruby-2.3.0/gems/activerecord-5.0.6/lib/active_record/relation/batches.rb:198:in `loop'
/home/ubuntu/.rvm/gems/ruby-2.3.0/gems/activerecord-5.0.6/lib/active_record/relation/batches.rb:198:in `in_batches'
/home/ubuntu/.rvm/gems/ruby-2.3.0/gems/activerecord-5.0.6/lib/active_record/relation/batches.rb:120:in `find_in_batches'
/home/ubuntu/.rvm/gems/ruby-2.3.0/gems/activerecord-5.0.6/lib/active_record/relation/batches.rb:58:in `find_each'
/home/ubuntu/.rvm/gems/ruby-2.3.0/gems/activerecord-5.0.6/lib/active_record/querying.rb:9:in `find_each'
/home/ubuntu/library-seats-api-master/lib/tasks/seats_task.rake:15:in `block in <top (required)>'
/home/ubuntu/.rvm/gems/ruby-2.3.0/gems/rake-12.0.0/exe/rake:27:in `<top (required)>'
/home/ubuntu/.rvm/gems/ruby-2.3.0/bin/ruby_executable_hooks:15:in `eval'
/home/ubuntu/.rvm/gems/ruby-2.3.0/bin/ruby_executable_hooks:15:in `<main>'
Tasks: TOP => run_all_tasks
(See full trace by running task with --trace)
** Invoke run_all_tasks (first_time)
** Invoke environment (first_time)
** Execute environment
** Execute run_all_tasks
rake aborted!
NoMethodError: undefined method `[]' for nil:NilClass
/home/ubuntu/library-seats-api-master/lib/tasks/seats_task.rake:65:in `token'
/home/ubuntu/library-seats-api-master/lib/tasks/seats_task.rake:18:in `block (2 levels) in <top (required)>'
/home/ubuntu/.rvm/gems/ruby-2.3.0/gems/activerecord-5.0.6/lib/active_record/relation/batches.rb:59:in `block (2 levels) in find_each'
/home/ubuntu/.rvm/gems/ruby-2.3.0/gems/activerecord-5.0.6/lib/active_record/relation/batches.rb:59:in `each'
/home/ubuntu/.rvm/gems/ruby-2.3.0/gems/activerecord-5.0.6/lib/active_record/relation/batches.rb:59:in `block in find_each'
/home/ubuntu/.rvm/gems/ruby-2.3.0/gems/activerecord-5.0.6/lib/active_record/relation/batches.rb:121:in `block in find_in_batches'
/home/ubuntu/.rvm/gems/ruby-2.3.0/gems/activerecord-5.0.6/lib/active_record/relation/batches.rb:214:in `block in in_batches'
/home/ubuntu/.rvm/gems/ruby-2.3.0/gems/activerecord-5.0.6/lib/active_record/relation/batches.rb:198:in `loop'
/home/ubuntu/.rvm/gems/ruby-2.3.0/gems/activerecord-5.0.6/lib/active_record/relation/batches.rb:198:in `in_batches'
/home/ubuntu/.rvm/gems/ruby-2.3.0/gems/activerecord-5.0.6/lib/active_record/relation/batches.rb:120:in `find_in_batches'
/home/ubuntu/.rvm/gems/ruby-2.3.0/gems/activerecord-5.0.6/lib/active_record/relation/batches.rb:58:in `find_each'
/home/ubuntu/.rvm/gems/ruby-2.3.0/gems/activerecord-5.0.6/lib/active_record/querying.rb:9:in `find_each'
/home/ubuntu/library-seats-api-master/lib/tasks/seats_task.rake:15:in `block in <top (required)>'
/home/ubuntu/.rvm/gems/ruby-2.3.0/gems/rake-12.0.0/exe/rake:27:in `<top (required)>'
/home/ubuntu/.rvm/gems/ruby-2.3.0/bin/ruby_executable_hooks:15:in `eval'
/home/ubuntu/.rvm/gems/ruby-2.3.0/bin/ruby_executable_hooks:15:in `<main>'
Tasks: TOP => run_all_tasks
(See full trace by running task with --trace)
** Invoke run_all_tasks (first_time)
** Invoke environment (first_time)
** Execute environment
** Execute run_all_tasks
rake aborted!
NoMethodError: undefined method `[]' for nil:NilClass
/home/ubuntu/library-seats-api-master/lib/tasks/seats_task.rake:65:in `token'
/home/ubuntu/library-seats-api-master/lib/tasks/seats_task.rake:18:in `block (2 levels) in <top (required)>'
/home/ubuntu/.rvm/gems/ruby-2.3.0/gems/activerecord-5.0.6/lib/active_record/relation/batches.rb:59:in `block (2 levels) in find_each'
/home/ubuntu/.rvm/gems/ruby-2.3.0/gems/activerecord-5.0.6/lib/active_record/relation/batches.rb:59:in `each'
/home/ubuntu/.rvm/gems/ruby-2.3.0/gems/activerecord-5.0.6/lib/active_record/relation/batches.rb:59:in `block in find_each'
/home/ubuntu/.rvm/gems/ruby-2.3.0/gems/activerecord-5.0.6/lib/active_record/relation/batches.rb:121:in `block in find_in_batches'
/home/ubuntu/.rvm/gems/ruby-2.3.0/gems/activerecord-5.0.6/lib/active_record/relation/batches.rb:214:in `block in in_batches'
/home/ubuntu/.rvm/gems/ruby-2.3.0/gems/activerecord-5.0.6/lib/active_record/relation/batches.rb:198:in `loop'
/home/ubuntu/.rvm/gems/ruby-2.3.0/gems/activerecord-5.0.6/lib/active_record/relation/batches.rb:198:in `in_batches'
/home/ubuntu/.rvm/gems/ruby-2.3.0/gems/activerecord-5.0.6/lib/active_record/relation/batches.rb:120:in `find_in_batches'
/home/ubuntu/.rvm/gems/ruby-2.3.0/gems/activerecord-5.0.6/lib/active_record/relation/batches.rb:58:in `find_each'
/home/ubuntu/.rvm/gems/ruby-2.3.0/gems/activerecord-5.0.6/lib/active_record/querying.rb:9:in `find_each'
/home/ubuntu/library-seats-api-master/lib/tasks/seats_task.rake:15:in `block in <top (required)>'
/home/ubuntu/.rvm/gems/ruby-2.3.0/gems/rake-12.0.0/exe/rake:27:in `<top (required)>'
/home/ubuntu/.rvm/gems/ruby-2.3.0/bin/ruby_executable_hooks:15:in `eval'
/home/ubuntu/.rvm/gems/ruby-2.3.0/bin/ruby_executable_hooks:15:in `<main>'
Tasks: TOP => run_all_tasks
(See full trace by running task with --trace)
** Invoke run_all_tasks (first_time)
** Invoke environment (first_time)
** Execute environment
** Execute run_all_tasks
rake aborted!
NoMethodError: undefined method `[]' for nil:NilClass
/home/ubuntu/library-seats-api-master/lib/tasks/seats_task.rake:65:in `token'
/home/ubuntu/library-seats-api-master/lib/tasks/seats_task.rake:18:in `block (2 levels) in <top (required)>'
/home/ubuntu/.rvm/gems/ruby-2.3.0/gems/activerecord-5.0.6/lib/active_record/relation/batches.rb:59:in `block (2 levels) in find_each'
/home/ubuntu/.rvm/gems/ruby-2.3.0/gems/activerecord-5.0.6/lib/active_record/relation/batches.rb:59:in `each'
/home/ubuntu/.rvm/gems/ruby-2.3.0/gems/activerecord-5.0.6/lib/active_record/relation/batches.rb:59:in `block in find_each'
/home/ubuntu/.rvm/gems/ruby-2.3.0/gems/activerecord-5.0.6/lib/active_record/relation/batches.rb:121:in `block in find_in_batches'
/home/ubuntu/.rvm/gems/ruby-2.3.0/gems/activerecord-5.0.6/lib/active_record/relation/batches.rb:214:in `block in in_batches'
/home/ubuntu/.rvm/gems/ruby-2.3.0/gems/activerecord-5.0.6/lib/active_record/relation/batches.rb:198:in `loop'
/home/ubuntu/.rvm/gems/ruby-2.3.0/gems/activerecord-5.0.6/lib/active_record/relation/batches.rb:198:in `in_batches'
/home/ubuntu/.rvm/gems/ruby-2.3.0/gems/activerecord-5.0.6/lib/active_record/relation/batches.rb:120:in `find_in_batches'
/home/ubuntu/.rvm/gems/ruby-2.3.0/gems/activerecord-5.0.6/lib/active_record/relation/batches.rb:58:in `find_each'
/home/ubuntu/.rvm/gems/ruby-2.3.0/gems/activerecord-5.0.6/lib/active_record/querying.rb:9:in `find_each'
/home/ubuntu/library-seats-api-master/lib/tasks/seats_task.rake:15:in `block in <top (required)>'
/home/ubuntu/.rvm/gems/ruby-2.3.0/gems/rake-12.0.0/exe/rake:27:in `<top (required)>'
/home/ubuntu/.rvm/gems/ruby-2.3.0/bin/ruby_executable_hooks:15:in `eval'
/home/ubuntu/.rvm/gems/ruby-2.3.0/bin/ruby_executable_hooks:15:in `<main>'
Tasks: TOP => run_all_tasks
(See full trace by running task with --trace)
** Invoke run_all_tasks (first_time)
** Invoke environment (first_time)
** Execute environment
** Execute run_all_tasks
** Invoke run_all_tasks (first_time)
** Invoke environment (first_time)
** Execute environment
** Execute run_all_tasks
rake aborted!
Net::OpenTimeout: execution expired
/home/ubuntu/.rvm/gems/ruby-2.3.0/gems/net-http-persistent-2.9.4/lib/net/http/persistent.rb:700:in `start'
/home/ubuntu/.rvm/gems/ruby-2.3.0/gems/net-http-persistent-2.9.4/lib/net/http/persistent.rb:631:in `connection_for'
/home/ubuntu/.rvm/gems/ruby-2.3.0/gems/net-http-persistent-2.9.4/lib/net/http/persistent.rb:994:in `request'
/home/ubuntu/.rvm/gems/ruby-2.3.0/gems/mechanize-2.7.5/lib/mechanize/http/agent.rb:274:in `fetch'
/home/ubuntu/.rvm/gems/ruby-2.3.0/gems/mechanize-2.7.5/lib/mechanize.rb:464:in `get'
/home/ubuntu/library-seats-api-master/lib/tasks/seats_task.rake:64:in `token'
/home/ubuntu/library-seats-api-master/lib/tasks/seats_task.rake:18:in `block (2 levels) in <top (required)>'
/home/ubuntu/.rvm/gems/ruby-2.3.0/gems/activerecord-5.0.6/lib/active_record/relation/batches.rb:59:in `block (2 levels) in find_each'
/home/ubuntu/.rvm/gems/ruby-2.3.0/gems/activerecord-5.0.6/lib/active_record/relation/batches.rb:59:in `each'
/home/ubuntu/.rvm/gems/ruby-2.3.0/gems/activerecord-5.0.6/lib/active_record/relation/batches.rb:59:in `block in find_each'
/home/ubuntu/.rvm/gems/ruby-2.3.0/gems/activerecord-5.0.6/lib/active_record/relation/batches.rb:121:in `block in find_in_batches'
/home/ubuntu/.rvm/gems/ruby-2.3.0/gems/activerecord-5.0.6/lib/active_record/relation/batches.rb:214:in `block in in_batches'
/home/ubuntu/.rvm/gems/ruby-2.3.0/gems/activerecord-5.0.6/lib/active_record/relation/batches.rb:198:in `loop'
/home/ubuntu/.rvm/gems/ruby-2.3.0/gems/activerecord-5.0.6/lib/active_record/relation/batches.rb:198:in `in_batches'
/home/ubuntu/.rvm/gems/ruby-2.3.0/gems/activerecord-5.0.6/lib/active_record/relation/batches.rb:120:in `find_in_batches'
/home/ubuntu/.rvm/gems/ruby-2.3.0/gems/activerecord-5.0.6/lib/active_record/relation/batches.rb:58:in `find_each'
/home/ubuntu/.rvm/gems/ruby-2.3.0/gems/activerecord-5.0.6/lib/active_record/querying.rb:9:in `find_each'
/home/ubuntu/library-seats-api-master/lib/tasks/seats_task.rake:15:in `block in <top (required)>'
/home/ubuntu/.rvm/gems/ruby-2.3.0/gems/rake-12.0.0/exe/rake:27:in `<top (required)>'
/home/ubuntu/.rvm/gems/ruby-2.3.0/bin/ruby_executable_hooks:15:in `eval'
/home/ubuntu/.rvm/gems/ruby-2.3.0/bin/ruby_executable_hooks:15:in `<main>'
Tasks: TOP => run_all_tasks
(See full trace by running task with --trace)
rake aborted!
Net::OpenTimeout: execution expired
/home/ubuntu/.rvm/gems/ruby-2.3.0/gems/net-http-persistent-2.9.4/lib/net/http/persistent.rb:700:in `start'
/home/ubuntu/.rvm/gems/ruby-2.3.0/gems/net-http-persistent-2.9.4/lib/net/http/persistent.rb:631:in `connection_for'
/home/ubuntu/.rvm/gems/ruby-2.3.0/gems/net-http-persistent-2.9.4/lib/net/http/persistent.rb:994:in `request'
/home/ubuntu/.rvm/gems/ruby-2.3.0/gems/mechanize-2.7.5/lib/mechanize/http/agent.rb:274:in `fetch'
/home/ubuntu/.rvm/gems/ruby-2.3.0/gems/mechanize-2.7.5/lib/mechanize.rb:464:in `get'
/home/ubuntu/library-seats-api-master/lib/tasks/seats_task.rake:64:in `token'
/home/ubuntu/library-seats-api-master/lib/tasks/seats_task.rake:18:in `block (2 levels) in <top (required)>'
/home/ubuntu/.rvm/gems/ruby-2.3.0/gems/activerecord-5.0.6/lib/active_record/relation/batches.rb:59:in `block (2 levels) in find_each'
/home/ubuntu/.rvm/gems/ruby-2.3.0/gems/activerecord-5.0.6/lib/active_record/relation/batches.rb:59:in `each'
/home/ubuntu/.rvm/gems/ruby-2.3.0/gems/activerecord-5.0.6/lib/active_record/relation/batches.rb:59:in `block in find_each'
/home/ubuntu/.rvm/gems/ruby-2.3.0/gems/activerecord-5.0.6/lib/active_record/relation/batches.rb:121:in `block in find_in_batches'
/home/ubuntu/.rvm/gems/ruby-2.3.0/gems/activerecord-5.0.6/lib/active_record/relation/batches.rb:214:in `block in in_batches'
/home/ubuntu/.rvm/gems/ruby-2.3.0/gems/activerecord-5.0.6/lib/active_record/relation/batches.rb:198:in `loop'
/home/ubuntu/.rvm/gems/ruby-2.3.0/gems/activerecord-5.0.6/lib/active_record/relation/batches.rb:198:in `in_batches'
/home/ubuntu/.rvm/gems/ruby-2.3.0/gems/activerecord-5.0.6/lib/active_record/relation/batches.rb:120:in `find_in_batches'
/home/ubuntu/.rvm/gems/ruby-2.3.0/gems/activerecord-5.0.6/lib/active_record/relation/batches.rb:58:in `find_each'
/home/ubuntu/.rvm/gems/ruby-2.3.0/gems/activerecord-5.0.6/lib/active_record/querying.rb:9:in `find_each'
/home/ubuntu/library-seats-api-master/lib/tasks/seats_task.rake:15:in `block in <top (required)>'
/home/ubuntu/.rvm/gems/ruby-2.3.0/gems/rake-12.0.0/exe/rake:27:in `<top (required)>'
/home/ubuntu/.rvm/gems/ruby-2.3.0/bin/ruby_executable_hooks:15:in `eval'
/home/ubuntu/.rvm/gems/ruby-2.3.0/bin/ruby_executable_hooks:15:in `<main>'
Tasks: TOP => run_all_tasks
(See full trace by running task with --trace)
** Invoke run_all_tasks (first_time)
** Invoke environment (first_time)
** Execute environment
** Execute run_all_tasks
rake aborted!
Net::OpenTimeout: execution expired
/home/ubuntu/.rvm/gems/ruby-2.3.0/gems/net-http-persistent-2.9.4/lib/net/http/persistent.rb:700:in `start'
/home/ubuntu/.rvm/gems/ruby-2.3.0/gems/net-http-persistent-2.9.4/lib/net/http/persistent.rb:631:in `connection_for'
/home/ubuntu/.rvm/gems/ruby-2.3.0/gems/net-http-persistent-2.9.4/lib/net/http/persistent.rb:994:in `request'
/home/ubuntu/.rvm/gems/ruby-2.3.0/gems/mechanize-2.7.5/lib/mechanize/http/agent.rb:274:in `fetch'
/home/ubuntu/.rvm/gems/ruby-2.3.0/gems/mechanize-2.7.5/lib/mechanize.rb:464:in `get'
/home/ubuntu/library-seats-api-master/lib/tasks/seats_task.rake:64:in `token'
/home/ubuntu/library-seats-api-master/lib/tasks/seats_task.rake:18:in `block (2 levels) in <top (required)>'
/home/ubuntu/.rvm/gems/ruby-2.3.0/gems/activerecord-5.0.6/lib/active_record/relation/batches.rb:59:in `block (2 levels) in find_each'
/home/ubuntu/.rvm/gems/ruby-2.3.0/gems/activerecord-5.0.6/lib/active_record/relation/batches.rb:59:in `each'
/home/ubuntu/.rvm/gems/ruby-2.3.0/gems/activerecord-5.0.6/lib/active_record/relation/batches.rb:59:in `block in find_each'
/home/ubuntu/.rvm/gems/ruby-2.3.0/gems/activerecord-5.0.6/lib/active_record/relation/batches.rb:121:in `block in find_in_batches'
/home/ubuntu/.rvm/gems/ruby-2.3.0/gems/activerecord-5.0.6/lib/active_record/relation/batches.rb:214:in `block in in_batches'
/home/ubuntu/.rvm/gems/ruby-2.3.0/gems/activerecord-5.0.6/lib/active_record/relation/batches.rb:198:in `loop'
/home/ubuntu/.rvm/gems/ruby-2.3.0/gems/activerecord-5.0.6/lib/active_record/relation/batches.rb:198:in `in_batches'
/home/ubuntu/.rvm/gems/ruby-2.3.0/gems/activerecord-5.0.6/lib/active_record/relation/batches.rb:120:in `find_in_batches'
/home/ubuntu/.rvm/gems/ruby-2.3.0/gems/activerecord-5.0.6/lib/active_record/relation/batches.rb:58:in `find_each'
/home/ubuntu/.rvm/gems/ruby-2.3.0/gems/activerecord-5.0.6/lib/active_record/querying.rb:9:in `find_each'
/home/ubuntu/library-seats-api-master/lib/tasks/seats_task.rake:15:in `block in <top (required)>'
/home/ubuntu/.rvm/gems/ruby-2.3.0/gems/rake-12.0.0/exe/rake:27:in `<top (required)>'
/home/ubuntu/.rvm/gems/ruby-2.3.0/bin/ruby_executable_hooks:15:in `eval'
/home/ubuntu/.rvm/gems/ruby-2.3.0/bin/ruby_executable_hooks:15:in `<main>'
Tasks: TOP => run_all_tasks
(See full trace by running task with --trace)
** Invoke run_all_tasks (first_time)
** Invoke environment (first_time)
** Execute environment
** Execute run_all_tasks
** Invoke run_all_tasks (first_time)
** Invoke environment (first_time)
** Execute environment
** Execute run_all_tasks
** Invoke run_all_tasks (first_time)
** Invoke environment (first_time)
** Execute environment
** Execute run_all_tasks
** Invoke run_all_tasks (first_time)
** Invoke environment (first_time)
** Execute environment
** Execute run_all_tasks
** Invoke run_all_tasks (first_time)
** Invoke environment (first_time)
** Execute environment
** Execute run_all_tasks
** Invoke run_all_tasks (first_time)
** Invoke environment (first_time)
** Execute environment
** Execute run_all_tasks
** Invoke run_all_tasks (first_time)
** Invoke environment (first_time)
** Execute environment
** Execute run_all_tasks
** Invoke run_all_tasks (first_time)
** Invoke environment (first_time)
** Execute environment
** Execute run_all_tasks
** Invoke run_all_tasks (first_time)
** Invoke environment (first_time)
** Execute environment
** Execute run_all_tasks
** Invoke run_all_tasks (first_time)
** Invoke environment (first_time)
** Execute environment
** Execute run_all_tasks
rake aborted!
SocketError: Failed to open TCP connection to seat.ujn.edu.cn:80 (getaddrinfo: Temporary failure in name resolution)
/home/ubuntu/.rvm/gems/ruby-2.3.0/gems/net-http-persistent-2.9.4/lib/net/http/persistent.rb:700:in `start'
/home/ubuntu/.rvm/gems/ruby-2.3.0/gems/net-http-persistent-2.9.4/lib/net/http/persistent.rb:631:in `connection_for'
/home/ubuntu/.rvm/gems/ruby-2.3.0/gems/net-http-persistent-2.9.4/lib/net/http/persistent.rb:994:in `request'
/home/ubuntu/.rvm/gems/ruby-2.3.0/gems/mechanize-2.7.5/lib/mechanize/http/agent.rb:274:in `fetch'
/home/ubuntu/.rvm/gems/ruby-2.3.0/gems/mechanize-2.7.5/lib/mechanize.rb:464:in `get'
/home/ubuntu/library-seats-api-master/lib/tasks/seats_task.rake:64:in `token'
/home/ubuntu/library-seats-api-master/lib/tasks/seats_task.rake:18:in `block (2 levels) in <top (required)>'
/home/ubuntu/.rvm/gems/ruby-2.3.0/gems/activerecord-5.0.6/lib/active_record/relation/batches.rb:59:in `block (2 levels) in find_each'
/home/ubuntu/.rvm/gems/ruby-2.3.0/gems/activerecord-5.0.6/lib/active_record/relation/batches.rb:59:in `each'
/home/ubuntu/.rvm/gems/ruby-2.3.0/gems/activerecord-5.0.6/lib/active_record/relation/batches.rb:59:in `block in find_each'
/home/ubuntu/.rvm/gems/ruby-2.3.0/gems/activerecord-5.0.6/lib/active_record/relation/batches.rb:121:in `block in find_in_batches'
/home/ubuntu/.rvm/gems/ruby-2.3.0/gems/activerecord-5.0.6/lib/active_record/relation/batches.rb:214:in `block in in_batches'
/home/ubuntu/.rvm/gems/ruby-2.3.0/gems/activerecord-5.0.6/lib/active_record/relation/batches.rb:198:in `loop'
/home/ubuntu/.rvm/gems/ruby-2.3.0/gems/activerecord-5.0.6/lib/active_record/relation/batches.rb:198:in `in_batches'
/home/ubuntu/.rvm/gems/ruby-2.3.0/gems/activerecord-5.0.6/lib/active_record/relation/batches.rb:120:in `find_in_batches'
/home/ubuntu/.rvm/gems/ruby-2.3.0/gems/activerecord-5.0.6/lib/active_record/relation/batches.rb:58:in `find_each'
/home/ubuntu/.rvm/gems/ruby-2.3.0/gems/activerecord-5.0.6/lib/active_record/querying.rb:9:in `find_each'
/home/ubuntu/library-seats-api-master/lib/tasks/seats_task.rake:15:in `block in <top (required)>'
/home/ubuntu/.rvm/gems/ruby-2.3.0/gems/rake-12.0.0/exe/rake:27:in `<top (required)>'
/home/ubuntu/.rvm/gems/ruby-2.3.0/bin/ruby_executable_hooks:15:in `eval'
/home/ubuntu/.rvm/gems/ruby-2.3.0/bin/ruby_executable_hooks:15:in `<main>'
SocketError: getaddrinfo: Temporary failure in name resolution
/home/ubuntu/.rvm/gems/ruby-2.3.0/gems/net-http-persistent-2.9.4/lib/net/http/persistent.rb:700:in `start'
/home/ubuntu/.rvm/gems/ruby-2.3.0/gems/net-http-persistent-2.9.4/lib/net/http/persistent.rb:631:in `connection_for'
/home/ubuntu/.rvm/gems/ruby-2.3.0/gems/net-http-persistent-2.9.4/lib/net/http/persistent.rb:994:in `request'
/home/ubuntu/.rvm/gems/ruby-2.3.0/gems/mechanize-2.7.5/lib/mechanize/http/agent.rb:274:in `fetch'
/home/ubuntu/.rvm/gems/ruby-2.3.0/gems/mechanize-2.7.5/lib/mechanize.rb:464:in `get'
/home/ubuntu/library-seats-api-master/lib/tasks/seats_task.rake:64:in `token'
/home/ubuntu/library-seats-api-master/lib/tasks/seats_task.rake:18:in `block (2 levels) in <top (required)>'
/home/ubuntu/.rvm/gems/ruby-2.3.0/gems/activerecord-5.0.6/lib/active_record/relation/batches.rb:59:in `block (2 levels) in find_each'
/home/ubuntu/.rvm/gems/ruby-2.3.0/gems/activerecord-5.0.6/lib/active_record/relation/batches.rb:59:in `each'
/home/ubuntu/.rvm/gems/ruby-2.3.0/gems/activerecord-5.0.6/lib/active_record/relation/batches.rb:59:in `block in find_each'
/home/ubuntu/.rvm/gems/ruby-2.3.0/gems/activerecord-5.0.6/lib/active_record/relation/batches.rb:121:in `block in find_in_batches'
/home/ubuntu/.rvm/gems/ruby-2.3.0/gems/activerecord-5.0.6/lib/active_record/relation/batches.rb:214:in `block in in_batches'
/home/ubuntu/.rvm/gems/ruby-2.3.0/gems/activerecord-5.0.6/lib/active_record/relation/batches.rb:198:in `loop'
/home/ubuntu/.rvm/gems/ruby-2.3.0/gems/activerecord-5.0.6/lib/active_record/relation/batches.rb:198:in `in_batches'
/home/ubuntu/.rvm/gems/ruby-2.3.0/gems/activerecord-5.0.6/lib/active_record/relation/batches.rb:120:in `find_in_batches'
/home/ubuntu/.rvm/gems/ruby-2.3.0/gems/activerecord-5.0.6/lib/active_record/relation/batches.rb:58:in `find_each'
/home/ubuntu/.rvm/gems/ruby-2.3.0/gems/activerecord-5.0.6/lib/active_record/querying.rb:9:in `find_each'
/home/ubuntu/library-seats-api-master/lib/tasks/seats_task.rake:15:in `block in <top (required)>'
/home/ubuntu/.rvm/gems/ruby-2.3.0/gems/rake-12.0.0/exe/rake:27:in `<top (required)>'
/home/ubuntu/.rvm/gems/ruby-2.3.0/bin/ruby_executable_hooks:15:in `eval'
/home/ubuntu/.rvm/gems/ruby-2.3.0/bin/ruby_executable_hooks:15:in `<main>'
Tasks: TOP => run_all_tasks
(See full trace by running task with --trace)
** Invoke run_all_tasks (first_time)
** Invoke environment (first_time)
** Execute environment
** Execute run_all_tasks
rake aborted!
SocketError: Failed to open TCP connection to seat.ujn.edu.cn:80 (getaddrinfo: Temporary failure in name resolution)
/home/ubuntu/.rvm/gems/ruby-2.3.0/gems/net-http-persistent-2.9.4/lib/net/http/persistent.rb:700:in `start'
/home/ubuntu/.rvm/gems/ruby-2.3.0/gems/net-http-persistent-2.9.4/lib/net/http/persistent.rb:631:in `connection_for'
/home/ubuntu/.rvm/gems/ruby-2.3.0/gems/net-http-persistent-2.9.4/lib/net/http/persistent.rb:994:in `request'
/home/ubuntu/.rvm/gems/ruby-2.3.0/gems/mechanize-2.7.5/lib/mechanize/http/agent.rb:274:in `fetch'
/home/ubuntu/.rvm/gems/ruby-2.3.0/gems/mechanize-2.7.5/lib/mechanize.rb:464:in `get'
/home/ubuntu/library-seats-api-master/lib/tasks/seats_task.rake:64:in `token'
/home/ubuntu/library-seats-api-master/lib/tasks/seats_task.rake:18:in `block (2 levels) in <top (required)>'
/home/ubuntu/.rvm/gems/ruby-2.3.0/gems/activerecord-5.0.6/lib/active_record/relation/batches.rb:59:in `block (2 levels) in find_each'
/home/ubuntu/.rvm/gems/ruby-2.3.0/gems/activerecord-5.0.6/lib/active_record/relation/batches.rb:59:in `each'
/home/ubuntu/.rvm/gems/ruby-2.3.0/gems/activerecord-5.0.6/lib/active_record/relation/batches.rb:59:in `block in find_each'
/home/ubuntu/.rvm/gems/ruby-2.3.0/gems/activerecord-5.0.6/lib/active_record/relation/batches.rb:121:in `block in find_in_batches'
/home/ubuntu/.rvm/gems/ruby-2.3.0/gems/activerecord-5.0.6/lib/active_record/relation/batches.rb:214:in `block in in_batches'
/home/ubuntu/.rvm/gems/ruby-2.3.0/gems/activerecord-5.0.6/lib/active_record/relation/batches.rb:198:in `loop'
/home/ubuntu/.rvm/gems/ruby-2.3.0/gems/activerecord-5.0.6/lib/active_record/relation/batches.rb:198:in `in_batches'
/home/ubuntu/.rvm/gems/ruby-2.3.0/gems/activerecord-5.0.6/lib/active_record/relation/batches.rb:120:in `find_in_batches'
/home/ubuntu/.rvm/gems/ruby-2.3.0/gems/activerecord-5.0.6/lib/active_record/relation/batches.rb:58:in `find_each'
/home/ubuntu/.rvm/gems/ruby-2.3.0/gems/activerecord-5.0.6/lib/active_record/querying.rb:9:in `find_each'
/home/ubuntu/library-seats-api-master/lib/tasks/seats_task.rake:15:in `block in <top (required)>'
/home/ubuntu/.rvm/gems/ruby-2.3.0/gems/rake-12.0.0/exe/rake:27:in `<top (required)>'
/home/ubuntu/.rvm/gems/ruby-2.3.0/bin/ruby_executable_hooks:15:in `eval'
/home/ubuntu/.rvm/gems/ruby-2.3.0/bin/ruby_executable_hooks:15:in `<main>'
SocketError: getaddrinfo: Temporary failure in name resolution
/home/ubuntu/.rvm/gems/ruby-2.3.0/gems/net-http-persistent-2.9.4/lib/net/http/persistent.rb:700:in `start'
/home/ubuntu/.rvm/gems/ruby-2.3.0/gems/net-http-persistent-2.9.4/lib/net/http/persistent.rb:631:in `connection_for'
/home/ubuntu/.rvm/gems/ruby-2.3.0/gems/net-http-persistent-2.9.4/lib/net/http/persistent.rb:994:in `request'
/home/ubuntu/.rvm/gems/ruby-2.3.0/gems/mechanize-2.7.5/lib/mechanize/http/agent.rb:274:in `fetch'
/home/ubuntu/.rvm/gems/ruby-2.3.0/gems/mechanize-2.7.5/lib/mechanize.rb:464:in `get'
/home/ubuntu/library-seats-api-master/lib/tasks/seats_task.rake:64:in `token'
/home/ubuntu/library-seats-api-master/lib/tasks/seats_task.rake:18:in `block (2 levels) in <top (required)>'
/home/ubuntu/.rvm/gems/ruby-2.3.0/gems/activerecord-5.0.6/lib/active_record/relation/batches.rb:59:in `block (2 levels) in find_each'
/home/ubuntu/.rvm/gems/ruby-2.3.0/gems/activerecord-5.0.6/lib/active_record/relation/batches.rb:59:in `each'
/home/ubuntu/.rvm/gems/ruby-2.3.0/gems/activerecord-5.0.6/lib/active_record/relation/batches.rb:59:in `block in find_each'
/home/ubuntu/.rvm/gems/ruby-2.3.0/gems/activerecord-5.0.6/lib/active_record/relation/batches.rb:121:in `block in find_in_batches'
/home/ubuntu/.rvm/gems/ruby-2.3.0/gems/activerecord-5.0.6/lib/active_record/relation/batches.rb:214:in `block in in_batches'
/home/ubuntu/.rvm/gems/ruby-2.3.0/gems/activerecord-5.0.6/lib/active_record/relation/batches.rb:198:in `loop'
/home/ubuntu/.rvm/gems/ruby-2.3.0/gems/activerecord-5.0.6/lib/active_record/relation/batches.rb:198:in `in_batches'
/home/ubuntu/.rvm/gems/ruby-2.3.0/gems/activerecord-5.0.6/lib/active_record/relation/batches.rb:120:in `find_in_batches'
/home/ubuntu/.rvm/gems/ruby-2.3.0/gems/activerecord-5.0.6/lib/active_record/relation/batches.rb:58:in `find_each'
/home/ubuntu/.rvm/gems/ruby-2.3.0/gems/activerecord-5.0.6/lib/active_record/querying.rb:9:in `find_each'
/home/ubuntu/library-seats-api-master/lib/tasks/seats_task.rake:15:in `block in <top (required)>'
/home/ubuntu/.rvm/gems/ruby-2.3.0/gems/rake-12.0.0/exe/rake:27:in `<top (required)>'
/home/ubuntu/.rvm/gems/ruby-2.3.0/bin/ruby_executable_hooks:15:in `eval'
/home/ubuntu/.rvm/gems/ruby-2.3.0/bin/ruby_executable_hooks:15:in `<main>'
Tasks: TOP => run_all_tasks
(See full trace by running task with --trace)
** Invoke run_all_tasks (first_time)
** Invoke environment (first_time)
** Execute environment
** Execute run_all_tasks
rake aborted!
SocketError: Failed to open TCP connection to seat.ujn.edu.cn:80 (getaddrinfo: Temporary failure in name resolution)
/home/ubuntu/.rvm/gems/ruby-2.3.0/gems/net-http-persistent-2.9.4/lib/net/http/persistent.rb:700:in `start'
/home/ubuntu/.rvm/gems/ruby-2.3.0/gems/net-http-persistent-2.9.4/lib/net/http/persistent.rb:631:in `connection_for'
/home/ubuntu/.rvm/gems/ruby-2.3.0/gems/net-http-persistent-2.9.4/lib/net/http/persistent.rb:994:in `request'
/home/ubuntu/.rvm/gems/ruby-2.3.0/gems/mechanize-2.7.5/lib/mechanize/http/agent.rb:274:in `fetch'
/home/ubuntu/.rvm/gems/ruby-2.3.0/gems/mechanize-2.7.5/lib/mechanize.rb:464:in `get'
/home/ubuntu/library-seats-api-master/lib/tasks/seats_task.rake:64:in `token'
/home/ubuntu/library-seats-api-master/lib/tasks/seats_task.rake:18:in `block (2 levels) in <top (required)>'
/home/ubuntu/.rvm/gems/ruby-2.3.0/gems/activerecord-5.0.6/lib/active_record/relation/batches.rb:59:in `block (2 levels) in find_each'
/home/ubuntu/.rvm/gems/ruby-2.3.0/gems/activerecord-5.0.6/lib/active_record/relation/batches.rb:59:in `each'
/home/ubuntu/.rvm/gems/ruby-2.3.0/gems/activerecord-5.0.6/lib/active_record/relation/batches.rb:59:in `block in find_each'
/home/ubuntu/.rvm/gems/ruby-2.3.0/gems/activerecord-5.0.6/lib/active_record/relation/batches.rb:121:in `block in find_in_batches'
/home/ubuntu/.rvm/gems/ruby-2.3.0/gems/activerecord-5.0.6/lib/active_record/relation/batches.rb:214:in `block in in_batches'
/home/ubuntu/.rvm/gems/ruby-2.3.0/gems/activerecord-5.0.6/lib/active_record/relation/batches.rb:198:in `loop'
/home/ubuntu/.rvm/gems/ruby-2.3.0/gems/activerecord-5.0.6/lib/active_record/relation/batches.rb:198:in `in_batches'
/home/ubuntu/.rvm/gems/ruby-2.3.0/gems/activerecord-5.0.6/lib/active_record/relation/batches.rb:120:in `find_in_batches'
/home/ubuntu/.rvm/gems/ruby-2.3.0/gems/activerecord-5.0.6/lib/active_record/relation/batches.rb:58:in `find_each'
/home/ubuntu/.rvm/gems/ruby-2.3.0/gems/activerecord-5.0.6/lib/active_record/querying.rb:9:in `find_each'
/home/ubuntu/library-seats-api-master/lib/tasks/seats_task.rake:15:in `block in <top (required)>'
/home/ubuntu/.rvm/gems/ruby-2.3.0/gems/rake-12.0.0/exe/rake:27:in `<top (required)>'
/home/ubuntu/.rvm/gems/ruby-2.3.0/bin/ruby_executable_hooks:15:in `eval'
/home/ubuntu/.rvm/gems/ruby-2.3.0/bin/ruby_executable_hooks:15:in `<main>'
SocketError: getaddrinfo: Temporary failure in name resolution
/home/ubuntu/.rvm/gems/ruby-2.3.0/gems/net-http-persistent-2.9.4/lib/net/http/persistent.rb:700:in `start'
/home/ubuntu/.rvm/gems/ruby-2.3.0/gems/net-http-persistent-2.9.4/lib/net/http/persistent.rb:631:in `connection_for'
/home/ubuntu/.rvm/gems/ruby-2.3.0/gems/net-http-persistent-2.9.4/lib/net/http/persistent.rb:994:in `request'
/home/ubuntu/.rvm/gems/ruby-2.3.0/gems/mechanize-2.7.5/lib/mechanize/http/agent.rb:274:in `fetch'
/home/ubuntu/.rvm/gems/ruby-2.3.0/gems/mechanize-2.7.5/lib/mechanize.rb:464:in `get'
/home/ubuntu/library-seats-api-master/lib/tasks/seats_task.rake:64:in `token'
/home/ubuntu/library-seats-api-master/lib/tasks/seats_task.rake:18:in `block (2 levels) in <top (required)>'
/home/ubuntu/.rvm/gems/ruby-2.3.0/gems/activerecord-5.0.6/lib/active_record/relation/batches.rb:59:in `block (2 levels) in find_each'
/home/ubuntu/.rvm/gems/ruby-2.3.0/gems/activerecord-5.0.6/lib/active_record/relation/batches.rb:59:in `each'
/home/ubuntu/.rvm/gems/ruby-2.3.0/gems/activerecord-5.0.6/lib/active_record/relation/batches.rb:59:in `block in find_each'
/home/ubuntu/.rvm/gems/ruby-2.3.0/gems/activerecord-5.0.6/lib/active_record/relation/batches.rb:121:in `block in find_in_batches'
/home/ubuntu/.rvm/gems/ruby-2.3.0/gems/activerecord-5.0.6/lib/active_record/relation/batches.rb:214:in `block in in_batches'
/home/ubuntu/.rvm/gems/ruby-2.3.0/gems/activerecord-5.0.6/lib/active_record/relation/batches.rb:198:in `loop'
/home/ubuntu/.rvm/gems/ruby-2.3.0/gems/activerecord-5.0.6/lib/active_record/relation/batches.rb:198:in `in_batches'
/home/ubuntu/.rvm/gems/ruby-2.3.0/gems/activerecord-5.0.6/lib/active_record/relation/batches.rb:120:in `find_in_batches'
/home/ubuntu/.rvm/gems/ruby-2.3.0/gems/activerecord-5.0.6/lib/active_record/relation/batches.rb:58:in `find_each'
/home/ubuntu/.rvm/gems/ruby-2.3.0/gems/activerecord-5.0.6/lib/active_record/querying.rb:9:in `find_each'
/home/ubuntu/library-seats-api-master/lib/tasks/seats_task.rake:15:in `block in <top (required)>'
/home/ubuntu/.rvm/gems/ruby-2.3.0/gems/rake-12.0.0/exe/rake:27:in `<top (required)>'
/home/ubuntu/.rvm/gems/ruby-2.3.0/bin/ruby_executable_hooks:15:in `eval'
/home/ubuntu/.rvm/gems/ruby-2.3.0/bin/ruby_executable_hooks:15:in `<main>'
Tasks: TOP => run_all_tasks
(See full trace by running task with --trace)
** Invoke run_all_tasks (first_time)
** Invoke environment (first_time)
** Execute environment
** Execute run_all_tasks
** Invoke run_all_tasks (first_time)
** Invoke environment (first_time)
** Execute environment
** Execute run_all_tasks
** Invoke run_all_tasks (first_time)
** Invoke environment (first_time)
** Execute environment
** Execute run_all_tasks
** Invoke run_all_tasks (first_time)
** Invoke environment (first_time)
** Execute environment
** Execute run_all_tasks
** Invoke run_all_tasks (first_time)
** Invoke environment (first_time)
** Execute environment
** Execute run_all_tasks
** Invoke run_all_tasks (first_time)
** Invoke environment (first_time)
** Execute environment
** Execute run_all_tasks
** Invoke run_all_tasks (first_time)
** Invoke environment (first_time)
** Execute environment
** Execute run_all_tasks
** Invoke run_all_tasks (first_time)
** Invoke environment (first_time)
** Execute environment
** Execute run_all_tasks
** Invoke run_all_tasks (first_time)
** Invoke environment (first_time)
** Execute environment
** Execute run_all_tasks
** Invoke run_all_tasks (first_time)
** Invoke environment (first_time)
** Execute environment
** Execute run_all_tasks
** Invoke run_all_tasks (first_time)
** Invoke environment (first_time)
** Execute environment
** Execute run_all_tasks
** Invoke run_all_tasks (first_time)
** Invoke environment (first_time)
** Execute environment
** Execute run_all_tasks
** Invoke run_all_tasks (first_time)
** Invoke environment (first_time)
** Execute environment
** Execute run_all_tasks
** Invoke run_all_tasks (first_time)
** Invoke environment (first_time)
** Execute environment
** Execute run_all_tasks
** Invoke run_all_tasks (first_time)
** Invoke environment (first_time)
** Execute environment
** Execute run_all_tasks
** Invoke run_all_tasks (first_time)
** Invoke environment (first_time)
** Execute environment
** Execute run_all_tasks
** Invoke run_all_tasks (first_time)
** Invoke environment (first_time)
** Execute environment
** Execute run_all_tasks
** Invoke run_all_tasks (first_time)
** Invoke environment (first_time)
** Execute environment
** Execute run_all_tasks
** Invoke run_all_tasks (first_time)
** Invoke environment (first_time)
** Execute environment
** Execute run_all_tasks
** Invoke run_all_tasks (first_time)
** Invoke environment (first_time)
** Execute environment
** Execute run_all_tasks
** Invoke run_all_tasks (first_time)
** Invoke environment (first_time)
** Execute environment
** Execute run_all_tasks
** Invoke run_all_tasks (first_time)
** Invoke environment (first_time)
** Execute environment
** Execute run_all_tasks
** Invoke run_all_tasks (first_time)
** Invoke environment (first_time)
** Execute environment
** Execute run_all_tasks
** Invoke run_all_tasks (first_time)
** Invoke environment (first_time)
** Execute environment
** Execute run_all_tasks
** Invoke run_all_tasks (first_time)
** Invoke environment (first_time)
** Execute environment
** Execute run_all_tasks
** Invoke run_all_tasks (first_time)
** Invoke environment (first_time)
** Execute environment
** Execute run_all_tasks
** Invoke run_all_tasks (first_time)
** Invoke environment (first_time)
** Execute environment
** Execute run_all_tasks
** Invoke run_all_tasks (first_time)
** Invoke environment (first_time)
** Execute environment
** Execute run_all_tasks
** Invoke run_all_tasks (first_time)
** Invoke environment (first_time)
** Execute environment
** Execute run_all_tasks
** Invoke run_all_tasks (first_time)
** Invoke environment (first_time)
** Execute environment
** Execute run_all_tasks
** Invoke run_all_tasks (first_time)
** Invoke environment (first_time)
** Execute environment
** Execute run_all_tasks
** Invoke run_all_tasks (first_time)
** Invoke environment (first_time)
** Execute environment
** Execute run_all_tasks
** Invoke run_all_tasks (first_time)
** Invoke environment (first_time)
** Execute environment
** Execute run_all_tasks
** Invoke run_all_tasks (first_time)
** Invoke environment (first_time)
** Execute environment
** Execute run_all_tasks
** Invoke run_all_tasks (first_time)
** Invoke environment (first_time)
** Execute environment
** Execute run_all_tasks
** Invoke run_all_tasks (first_time)
** Invoke environment (first_time)
** Execute environment
** Execute run_all_tasks
** Invoke run_all_tasks (first_time)
** Invoke environment (first_time)
** Execute environment
** Execute run_all_tasks
** Invoke run_all_tasks (first_time)
** Invoke environment (first_time)
** Execute environment
** Execute run_all_tasks
** Invoke run_all_tasks (first_time)
** Invoke environment (first_time)
** Execute environment
** Execute run_all_tasks
** Invoke run_all_tasks (first_time)
** Invoke environment (first_time)
** Execute environment
** Execute run_all_tasks
** Invoke run_all_tasks (first_time)
** Invoke environment (first_time)
** Execute environment
** Execute run_all_tasks
** Invoke run_all_tasks (first_time)
** Invoke environment (first_time)
** Execute environment
** Execute run_all_tasks
** Invoke run_all_tasks (first_time)
** Invoke environment (first_time)
** Execute environment
** Execute run_all_tasks
** Invoke run_all_tasks (first_time)
** Invoke environment (first_time)
** Execute environment
** Execute run_all_tasks
** Invoke run_all_tasks (first_time)
** Invoke environment (first_time)
** Execute environment
** Execute run_all_tasks
** Invoke run_all_tasks (first_time)
** Invoke environment (first_time)
** Execute environment
** Execute run_all_tasks
** Invoke run_all_tasks (first_time)
** Invoke environment (first_time)
** Execute environment
** Execute run_all_tasks
** Invoke run_all_tasks (first_time)
** Invoke environment (first_time)
** Execute environment
** Execute run_all_tasks
** Invoke run_all_tasks (first_time)
** Invoke environment (first_time)
** Execute environment
** Execute run_all_tasks
** Invoke run_all_tasks (first_time)
** Invoke environment (first_time)
** Execute environment
** Execute run_all_tasks
** Invoke run_all_tasks (first_time)
** Invoke environment (first_time)
** Execute environment
** Execute run_all_tasks
** Invoke run_all_tasks (first_time)
** Invoke environment (first_time)
** Execute environment
** Execute run_all_tasks
** Invoke run_all_tasks (first_time)
** Invoke environment (first_time)
** Execute environment
** Execute run_all_tasks
** Invoke run_all_tasks (first_time)
** Invoke environment (first_time)
** Execute environment
** Execute run_all_tasks
** Invoke run_all_tasks (first_time)
** Invoke environment (first_time)
** Execute environment
** Execute run_all_tasks
** Invoke run_all_tasks (first_time)
** Invoke environment (first_time)
** Execute environment
** Execute run_all_tasks
** Invoke run_all_tasks (first_time)
** Invoke environment (first_time)
** Execute environment
** Execute run_all_tasks
** Invoke run_all_tasks (first_time)
** Invoke environment (first_time)
** Execute environment
** Execute run_all_tasks
** Invoke run_all_tasks (first_time)
** Invoke environment (first_time)
** Execute environment
** Execute run_all_tasks
** Invoke run_all_tasks (first_time)
** Invoke environment (first_time)
** Execute environment
** Execute run_all_tasks
** Invoke run_all_tasks (first_time)
** Invoke environment (first_time)
** Execute environment
** Execute run_all_tasks
** Invoke run_all_tasks (first_time)
** Invoke environment (first_time)
** Execute environment
** Execute run_all_tasks
** Invoke run_all_tasks (first_time)
** Invoke environment (first_time)
** Execute environment
** Execute run_all_tasks
** Invoke run_all_tasks (first_time)
** Invoke environment (first_time)
** Execute environment
** Execute run_all_tasks
** Invoke run_all_tasks (first_time)
** Invoke environment (first_time)
** Execute environment
** Execute run_all_tasks
** Invoke run_all_tasks (first_time)
** Invoke environment (first_time)
** Execute environment
** Execute run_all_tasks
** Invoke run_all_tasks (first_time)
** Invoke environment (first_time)
** Execute environment
** Execute run_all_tasks
rake aborted!
Mechanize::ResponseCodeError: 500 => Net::HTTPInternalServerError for http://seat.ujn.edu.cn/rest/v2/freeBook -- unhandled response
/home/ubuntu/.rvm/gems/ruby-2.3.0/gems/mechanize-2.7.5/lib/mechanize/http/agent.rb:323:in `fetch'
/home/ubuntu/.rvm/gems/ruby-2.3.0/gems/mechanize-2.7.5/lib/mechanize.rb:1323:in `post_form'
/home/ubuntu/.rvm/gems/ruby-2.3.0/gems/mechanize-2.7.5/lib/mechanize.rb:536:in `post'
/home/ubuntu/library-seats-api-master/lib/tasks/seats_task.rake:25:in `block (2 levels) in <top (required)>'
/home/ubuntu/.rvm/gems/ruby-2.3.0/gems/activerecord-5.0.6/lib/active_record/relation/batches.rb:59:in `block (2 levels) in find_each'
/home/ubuntu/.rvm/gems/ruby-2.3.0/gems/activerecord-5.0.6/lib/active_record/relation/batches.rb:59:in `each'
/home/ubuntu/.rvm/gems/ruby-2.3.0/gems/activerecord-5.0.6/lib/active_record/relation/batches.rb:59:in `block in find_each'
/home/ubuntu/.rvm/gems/ruby-2.3.0/gems/activerecord-5.0.6/lib/active_record/relation/batches.rb:121:in `block in find_in_batches'
/home/ubuntu/.rvm/gems/ruby-2.3.0/gems/activerecord-5.0.6/lib/active_record/relation/batches.rb:214:in `block in in_batches'
/home/ubuntu/.rvm/gems/ruby-2.3.0/gems/activerecord-5.0.6/lib/active_record/relation/batches.rb:198:in `loop'
/home/ubuntu/.rvm/gems/ruby-2.3.0/gems/activerecord-5.0.6/lib/active_record/relation/batches.rb:198:in `in_batches'
/home/ubuntu/.rvm/gems/ruby-2.3.0/gems/activerecord-5.0.6/lib/active_record/relation/batches.rb:120:in `find_in_batches'
/home/ubuntu/.rvm/gems/ruby-2.3.0/gems/activerecord-5.0.6/lib/active_record/relation/batches.rb:58:in `find_each'
/home/ubuntu/.rvm/gems/ruby-2.3.0/gems/activerecord-5.0.6/lib/active_record/querying.rb:9:in `find_each'
/home/ubuntu/library-seats-api-master/lib/tasks/seats_task.rake:15:in `block in <top (required)>'
/home/ubuntu/.rvm/gems/ruby-2.3.0/gems/rake-12.0.0/exe/rake:27:in `<top (required)>'
/home/ubuntu/.rvm/gems/ruby-2.3.0/bin/ruby_executable_hooks:15:in `eval'
/home/ubuntu/.rvm/gems/ruby-2.3.0/bin/ruby_executable_hooks:15:in `<main>'
Tasks: TOP => run_all_tasks
(See full trace by running task with --trace)
** Invoke run_all_tasks (first_time)
** Invoke environment (first_time)
** Execute environment
** Execute run_all_tasks
rake aborted!
NoMethodError: undefined method `[]' for nil:NilClass
/home/ubuntu/library-seats-api-master/lib/tasks/seats_task.rake:65:in `token'
/home/ubuntu/library-seats-api-master/lib/tasks/seats_task.rake:18:in `block (2 levels) in <top (required)>'
/home/ubuntu/.rvm/gems/ruby-2.3.0/gems/activerecord-5.0.6/lib/active_record/relation/batches.rb:59:in `block (2 levels) in find_each'
/home/ubuntu/.rvm/gems/ruby-2.3.0/gems/activerecord-5.0.6/lib/active_record/relation/batches.rb:59:in `each'
/home/ubuntu/.rvm/gems/ruby-2.3.0/gems/activerecord-5.0.6/lib/active_record/relation/batches.rb:59:in `block in find_each'
/home/ubuntu/.rvm/gems/ruby-2.3.0/gems/activerecord-5.0.6/lib/active_record/relation/batches.rb:121:in `block in find_in_batches'
/home/ubuntu/.rvm/gems/ruby-2.3.0/gems/activerecord-5.0.6/lib/active_record/relation/batches.rb:214:in `block in in_batches'
/home/ubuntu/.rvm/gems/ruby-2.3.0/gems/activerecord-5.0.6/lib/active_record/relation/batches.rb:198:in `loop'
/home/ubuntu/.rvm/gems/ruby-2.3.0/gems/activerecord-5.0.6/lib/active_record/relation/batches.rb:198:in `in_batches'
/home/ubuntu/.rvm/gems/ruby-2.3.0/gems/activerecord-5.0.6/lib/active_record/relation/batches.rb:120:in `find_in_batches'
/home/ubuntu/.rvm/gems/ruby-2.3.0/gems/activerecord-5.0.6/lib/active_record/relation/batches.rb:58:in `find_each'
/home/ubuntu/.rvm/gems/ruby-2.3.0/gems/activerecord-5.0.6/lib/active_record/querying.rb:9:in `find_each'
/home/ubuntu/library-seats-api-master/lib/tasks/seats_task.rake:15:in `block in <top (required)>'
/home/ubuntu/.rvm/gems/ruby-2.3.0/gems/rake-12.0.0/exe/rake:27:in `<top (required)>'
/home/ubuntu/.rvm/gems/ruby-2.3.0/bin/ruby_executable_hooks:15:in `eval'
/home/ubuntu/.rvm/gems/ruby-2.3.0/bin/ruby_executable_hooks:15:in `<main>'
Tasks: TOP => run_all_tasks
(See full trace by running task with --trace)
** Invoke run_all_tasks (first_time)
** Invoke environment (first_time)
** Execute environment
** Execute run_all_tasks
rake aborted!
NoMethodError: undefined method `[]' for nil:NilClass
/home/ubuntu/library-seats-api-master/lib/tasks/seats_task.rake:65:in `token'
/home/ubuntu/library-seats-api-master/lib/tasks/seats_task.rake:18:in `block (2 levels) in <top (required)>'
/home/ubuntu/.rvm/gems/ruby-2.3.0/gems/activerecord-5.0.6/lib/active_record/relation/batches.rb:59:in `block (2 levels) in find_each'
/home/ubuntu/.rvm/gems/ruby-2.3.0/gems/activerecord-5.0.6/lib/active_record/relation/batches.rb:59:in `each'
/home/ubuntu/.rvm/gems/ruby-2.3.0/gems/activerecord-5.0.6/lib/active_record/relation/batches.rb:59:in `block in find_each'
/home/ubuntu/.rvm/gems/ruby-2.3.0/gems/activerecord-5.0.6/lib/active_record/relation/batches.rb:121:in `block in find_in_batches'
/home/ubuntu/.rvm/gems/ruby-2.3.0/gems/activerecord-5.0.6/lib/active_record/relation/batches.rb:214:in `block in in_batches'
/home/ubuntu/.rvm/gems/ruby-2.3.0/gems/activerecord-5.0.6/lib/active_record/relation/batches.rb:198:in `loop'
/home/ubuntu/.rvm/gems/ruby-2.3.0/gems/activerecord-5.0.6/lib/active_record/relation/batches.rb:198:in `in_batches'
/home/ubuntu/.rvm/gems/ruby-2.3.0/gems/activerecord-5.0.6/lib/active_record/relation/batches.rb:120:in `find_in_batches'
/home/ubuntu/.rvm/gems/ruby-2.3.0/gems/activerecord-5.0.6/lib/active_record/relation/batches.rb:58:in `find_each'
/home/ubuntu/.rvm/gems/ruby-2.3.0/gems/activerecord-5.0.6/lib/active_record/querying.rb:9:in `find_each'
/home/ubuntu/library-seats-api-master/lib/tasks/seats_task.rake:15:in `block in <top (required)>'
/home/ubuntu/.rvm/gems/ruby-2.3.0/gems/rake-12.0.0/exe/rake:27:in `<top (required)>'
/home/ubuntu/.rvm/gems/ruby-2.3.0/bin/ruby_executable_hooks:15:in `eval'
/home/ubuntu/.rvm/gems/ruby-2.3.0/bin/ruby_executable_hooks:15:in `<main>'
Tasks: TOP => run_all_tasks
(See full trace by running task with --trace)
** Invoke run_all_tasks (first_time)
** Invoke environment (first_time)
** Execute environment
** Execute run_all_tasks
** Invoke run_all_tasks (first_time)
** Invoke environment (first_time)
** Execute environment
** Execute run_all_tasks
** Invoke run_all_tasks (first_time)
** Invoke environment (first_time)
** Execute environment
** Execute run_all_tasks
** Invoke run_all_tasks (first_time)
** Invoke environment (first_time)
** Execute environment
** Execute run_all_tasks
** Invoke run_all_tasks (first_time)
** Invoke environment (first_time)
** Execute environment
** Execute run_all_tasks
** Invoke run_all_tasks (first_time)
** Invoke environment (first_time)
** Execute environment
** Execute run_all_tasks
** Invoke run_all_tasks (first_time)
** Invoke environment (first_time)
** Execute environment
** Execute run_all_tasks
** Invoke run_all_tasks (first_time)
** Invoke environment (first_time)
** Execute environment
** Execute run_all_tasks
** Invoke run_all_tasks (first_time)
** Invoke environment (first_time)
** Execute environment
** Execute run_all_tasks
** Invoke run_all_tasks (first_time)
** Invoke environment (first_time)
** Execute environment
** Execute run_all_tasks
** Invoke run_all_tasks (first_time)
** Invoke environment (first_time)
** Execute environment
** Execute run_all_tasks
** Invoke run_all_tasks (first_time)
** Invoke environment (first_time)
** Execute environment
** Execute run_all_tasks
** Invoke run_all_tasks (first_time)
** Invoke environment (first_time)
** Execute environment
** Execute run_all_tasks
** Invoke run_all_tasks (first_time)
** Invoke environment (first_time)
** Execute environment
** Execute run_all_tasks
** Invoke run_all_tasks (first_time)
** Invoke environment (first_time)
** Execute environment
** Execute run_all_tasks
** Invoke run_all_tasks (first_time)
** Invoke environment (first_time)
** Execute environment
** Execute run_all_tasks
** Invoke run_all_tasks (first_time)
** Invoke environment (first_time)
** Execute environment
** Execute run_all_tasks
** Invoke run_all_tasks (first_time)
** Invoke environment (first_time)
** Execute environment
** Execute run_all_tasks
** Invoke run_all_tasks (first_time)
** Invoke environment (first_time)
** Execute environment
** Execute run_all_tasks
** Invoke run_all_tasks (first_time)
** Invoke environment (first_time)
** Execute environment
** Execute run_all_tasks
** Invoke run_all_tasks (first_time)
** Invoke environment (first_time)
** Execute environment
** Execute run_all_tasks
** Invoke run_all_tasks (first_time)
** Invoke environment (first_time)
** Execute environment
** Execute run_all_tasks
rake aborted!
NoMethodError: undefined method `[]' for nil:NilClass
/home/ubuntu/library-seats-api-master/lib/tasks/seats_task.rake:65:in `token'
/home/ubuntu/library-seats-api-master/lib/tasks/seats_task.rake:18:in `block (2 levels) in <top (required)>'
/home/ubuntu/.rvm/gems/ruby-2.3.0/gems/activerecord-5.0.6/lib/active_record/relation/batches.rb:59:in `block (2 levels) in find_each'
/home/ubuntu/.rvm/gems/ruby-2.3.0/gems/activerecord-5.0.6/lib/active_record/relation/batches.rb:59:in `each'
/home/ubuntu/.rvm/gems/ruby-2.3.0/gems/activerecord-5.0.6/lib/active_record/relation/batches.rb:59:in `block in find_each'
/home/ubuntu/.rvm/gems/ruby-2.3.0/gems/activerecord-5.0.6/lib/active_record/relation/batches.rb:121:in `block in find_in_batches'
/home/ubuntu/.rvm/gems/ruby-2.3.0/gems/activerecord-5.0.6/lib/active_record/relation/batches.rb:214:in `block in in_batches'
/home/ubuntu/.rvm/gems/ruby-2.3.0/gems/activerecord-5.0.6/lib/active_record/relation/batches.rb:198:in `loop'
/home/ubuntu/.rvm/gems/ruby-2.3.0/gems/activerecord-5.0.6/lib/active_record/relation/batches.rb:198:in `in_batches'
/home/ubuntu/.rvm/gems/ruby-2.3.0/gems/activerecord-5.0.6/lib/active_record/relation/batches.rb:120:in `find_in_batches'
/home/ubuntu/.rvm/gems/ruby-2.3.0/gems/activerecord-5.0.6/lib/active_record/relation/batches.rb:58:in `find_each'
/home/ubuntu/.rvm/gems/ruby-2.3.0/gems/activerecord-5.0.6/lib/active_record/querying.rb:9:in `find_each'
/home/ubuntu/library-seats-api-master/lib/tasks/seats_task.rake:15:in `block in <top (required)>'
/home/ubuntu/.rvm/gems/ruby-2.3.0/gems/rake-12.0.0/exe/rake:27:in `<top (required)>'
/home/ubuntu/.rvm/gems/ruby-2.3.0/bin/ruby_executable_hooks:15:in `eval'
/home/ubuntu/.rvm/gems/ruby-2.3.0/bin/ruby_executable_hooks:15:in `<main>'
Tasks: TOP => run_all_tasks
(See full trace by running task with --trace)
** Invoke run_all_tasks (first_time)
** Invoke environment (first_time)
** Execute environment
** Execute run_all_tasks
rake aborted!
NoMethodError: undefined method `[]' for nil:NilClass
/home/ubuntu/library-seats-api-master/lib/tasks/seats_task.rake:65:in `token'
/home/ubuntu/library-seats-api-master/lib/tasks/seats_task.rake:18:in `block (2 levels) in <top (required)>'
/home/ubuntu/.rvm/gems/ruby-2.3.0/gems/activerecord-5.0.6/lib/active_record/relation/batches.rb:59:in `block (2 levels) in find_each'
/home/ubuntu/.rvm/gems/ruby-2.3.0/gems/activerecord-5.0.6/lib/active_record/relation/batches.rb:59:in `each'
/home/ubuntu/.rvm/gems/ruby-2.3.0/gems/activerecord-5.0.6/lib/active_record/relation/batches.rb:59:in `block in find_each'
/home/ubuntu/.rvm/gems/ruby-2.3.0/gems/activerecord-5.0.6/lib/active_record/relation/batches.rb:121:in `block in find_in_batches'
/home/ubuntu/.rvm/gems/ruby-2.3.0/gems/activerecord-5.0.6/lib/active_record/relation/batches.rb:214:in `block in in_batches'
/home/ubuntu/.rvm/gems/ruby-2.3.0/gems/activerecord-5.0.6/lib/active_record/relation/batches.rb:198:in `loop'
/home/ubuntu/.rvm/gems/ruby-2.3.0/gems/activerecord-5.0.6/lib/active_record/relation/batches.rb:198:in `in_batches'
/home/ubuntu/.rvm/gems/ruby-2.3.0/gems/activerecord-5.0.6/lib/active_record/relation/batches.rb:120:in `find_in_batches'
/home/ubuntu/.rvm/gems/ruby-2.3.0/gems/activerecord-5.0.6/lib/active_record/relation/batches.rb:58:in `find_each'
/home/ubuntu/.rvm/gems/ruby-2.3.0/gems/activerecord-5.0.6/lib/active_record/querying.rb:9:in `find_each'
/home/ubuntu/library-seats-api-master/lib/tasks/seats_task.rake:15:in `block in <top (required)>'
/home/ubuntu/.rvm/gems/ruby-2.3.0/gems/rake-12.0.0/exe/rake:27:in `<top (required)>'
/home/ubuntu/.rvm/gems/ruby-2.3.0/bin/ruby_executable_hooks:15:in `eval'
/home/ubuntu/.rvm/gems/ruby-2.3.0/bin/ruby_executable_hooks:15:in `<main>'
Tasks: TOP => run_all_tasks
(See full trace by running task with --trace)
** Invoke run_all_tasks (first_time)
** Invoke environment (first_time)
** Execute environment
** Execute run_all_tasks
rake aborted!
NoMethodError: undefined method `[]' for nil:NilClass
/home/ubuntu/library-seats-api-master/lib/tasks/seats_task.rake:65:in `token'
/home/ubuntu/library-seats-api-master/lib/tasks/seats_task.rake:18:in `block (2 levels) in <top (required)>'
/home/ubuntu/.rvm/gems/ruby-2.3.0/gems/activerecord-5.0.6/lib/active_record/relation/batches.rb:59:in `block (2 levels) in find_each'
/home/ubuntu/.rvm/gems/ruby-2.3.0/gems/activerecord-5.0.6/lib/active_record/relation/batches.rb:59:in `each'
/home/ubuntu/.rvm/gems/ruby-2.3.0/gems/activerecord-5.0.6/lib/active_record/relation/batches.rb:59:in `block in find_each'
/home/ubuntu/.rvm/gems/ruby-2.3.0/gems/activerecord-5.0.6/lib/active_record/relation/batches.rb:121:in `block in find_in_batches'
/home/ubuntu/.rvm/gems/ruby-2.3.0/gems/activerecord-5.0.6/lib/active_record/relation/batches.rb:214:in `block in in_batches'
/home/ubuntu/.rvm/gems/ruby-2.3.0/gems/activerecord-5.0.6/lib/active_record/relation/batches.rb:198:in `loop'
/home/ubuntu/.rvm/gems/ruby-2.3.0/gems/activerecord-5.0.6/lib/active_record/relation/batches.rb:198:in `in_batches'
/home/ubuntu/.rvm/gems/ruby-2.3.0/gems/activerecord-5.0.6/lib/active_record/relation/batches.rb:120:in `find_in_batches'
/home/ubuntu/.rvm/gems/ruby-2.3.0/gems/activerecord-5.0.6/lib/active_record/relation/batches.rb:58:in `find_each'
/home/ubuntu/.rvm/gems/ruby-2.3.0/gems/activerecord-5.0.6/lib/active_record/querying.rb:9:in `find_each'
/home/ubuntu/library-seats-api-master/lib/tasks/seats_task.rake:15:in `block in <top (required)>'
/home/ubuntu/.rvm/gems/ruby-2.3.0/gems/rake-12.0.0/exe/rake:27:in `<top (required)>'
/home/ubuntu/.rvm/gems/ruby-2.3.0/bin/ruby_executable_hooks:15:in `eval'
/home/ubuntu/.rvm/gems/ruby-2.3.0/bin/ruby_executable_hooks:15:in `<main>'
Tasks: TOP => run_all_tasks
(See full trace by running task with --trace)
** Invoke run_all_tasks (first_time)
** Invoke environment (first_time)
** Execute environment
** Execute run_all_tasks
** Invoke run_all_tasks (first_time)
** Invoke environment (first_time)
** Execute environment
** Execute run_all_tasks
** Invoke run_all_tasks (first_time)
** Invoke environment (first_time)
** Execute environment
** Execute run_all_tasks
